<?xml version='1.0' encoding='UTF-8'?>
<testsuite hostname="moody" name="TestDetectors" tests="4" errors="0" failures="0" skipped="0" time="1.003">
                     <properties>
[...]
</properties>
                     <testcase classname="TestDetectors" name="Should detect sentences" time="0.932">
                                                 
                                               </testcase><testcase classname="TestDetectors" name="Should tokenize sentences" time="0.001">
                                                 
                                               </testcase><testcase classname="TestDetectors" name="Should parse date according to formatters" time="0.046">
                                                 
                                               </testcase><testcase classname="TestDetectors" name="Should parse frase" time="0.024">
                                                 
                                               </testcase>
                     <system-out><![CDATA[]]></system-out>
                     <system-err><![CDATA[]]></system-err>
                   </testsuite>